[25May2025 00:00:04.704] [Server thread/WARN] [net.minecraft.server.level.ServerLevel/]: Tried to add entity zombie_island:shambler but it was marked as removed already
[25May2025 00:00:04.707] [Server thread/WARN] [net.minecraft.server.level.ServerLevel/]: Tried to add entity zombie_island:shambler but it was marked as removed already
[25May2025 00:00:25.903] [Server thread/WARN] [net.minecraft.server.level.ServerLevel/]: Tried to add entity zombie_island:shambler but it was marked as removed already
[25May2025 00:01:36.803] [Server thread/WARN] [net.minecraft.server.level.ServerLevel/]: Tried to add entity zombie_island:walker but it was marked as removed already
[25May2025 00:01:42.560] [Server thread/INFO] [net.minecraft.server.MinecraftServer/]: Asias_SX was shot by Skeleton
[25May2025 00:01:45.554] [Server thread/INFO] [com.flansmod.common.FlansMod/]: Context[60443e8a-ce41-3db5-b413-f22c7757fd35] updated from 'Player:'Asias_SX'['overworld']' to 'Player:'Asias_SX'['overworld']'
[25May2025 00:02:07.703] [Server thread/WARN] [net.minecraft.server.level.ServerLevel/]: Tried to add entity zombie_island:shambler but it was marked as removed already
[25May2025 00:02:33.954] [Server thread/WARN] [net.minecraft.server.level.ServerLevel/]: Tried to add entity zombie_island:shambler but it was marked as removed already
[25May2025 00:02:45.255] [Server thread/WARN] [net.minecraft.server.level.ServerLevel/]: Tried to add entity zombie_island:runner but it was marked as removed already
[25May2025 00:03:06.354] [Server thread/WARN] [net.minecraft.server.level.ServerLevel/]: Tried to add entity zombie_island:runner but it was marked as removed already
[25May2025 00:04:57.453] [Server thread/WARN] [net.minecraft.server.level.ServerLevel/]: Tried to add entity zombie_island:shambler but it was marked as removed already
[25May2025 00:05:57.293] [Netty Epoll Server IO #6/INFO] [com.teampotato.redirector.Redirector/]: Redirecting cpw/mods/inventorysorter/Action
[25May2025 00:05:57.294] [Netty Epoll Server IO #6/INFO] [com.teampotato.redirector.Redirector/]: Redirecting cpw/mods/inventorysorter/SortingHandler
[25May2025 00:05:57.296] [Netty Epoll Server IO #6/INFO] [com.teampotato.redirector.Redirector/]: Redirecting cpw/mods/inventorysorter/ScrollWheelHandler
[25May2025 00:05:57.300] [Server thread/INFO] [com.teampotato.redirector.Redirector/]: Redirecting cpw/mods/inventorysorter/InventoryHandler
[25May2025 00:07:05.703] [Server thread/WARN] [net.minecraft.server.level.ServerLevel/]: Tried to add entity zombie_island:walker but it was marked as removed already
[25May2025 00:07:33.104] [Server thread/WARN] [net.minecraft.server.level.ServerLevel/]: Tried to add entity zombie_island:shambler but it was marked as removed already
[25May2025 00:08:02.885] [Server thread/INFO] [com.teampotato.redirector.Redirector/]: Redirecting com/vicmatskiv/pointblank/util/StateMachine$TransitionMode
[25May2025 00:08:29.604] [Server thread/WARN] [net.minecraft.server.level.ServerLevel/]: Tried to add entity zombie_island:shambler but it was marked as removed already
[25May2025 00:09:04.154] [Server thread/WARN] [net.minecraft.server.level.ServerLevel/]: Tried to add entity zombie_island:runner but it was marked as removed already
[25May2025 00:09:04.855] [Server thread/WARN] [net.minecraft.server.level.ServerLevel/]: Tried to add entity zombie_island:shambler but it was marked as removed already
[25May2025 00:09:04.905] [Server thread/WARN] [net.minecraft.server.level.ServerLevel/]: Tried to add entity zombie_island:shambler but it was marked as removed already
[25May2025 00:09:08.553] [Server thread/WARN] [net.minecraft.server.level.ServerLevel/]: Tried to add entity zombie_island:shambler but it was marked as removed already
[25May2025 00:09:18.705] [Server thread/WARN] [net.minecraft.server.level.ServerLevel/]: Tried to add entity zombie_island:shambler but it was marked as removed already
[25May2025 00:09:49.705] [Server thread/WARN] [net.minecraft.server.level.ServerLevel/]: Tried to add entity zombie_island:runner but it was marked as removed already
[25May2025 00:09:55.805] [Server thread/WARN] [net.minecraft.server.level.ServerLevel/]: Tried to add entity zombie_island:shambler but it was marked as removed already
[25May2025 00:10:06.904] [Server thread/WARN] [net.minecraft.server.level.ServerLevel/]: Tried to add entity zombie_island:shambler but it was marked as removed already
[25May2025 00:10:08.241] [Server thread/INFO] [net.minecraft.server.MinecraftServer/]: [benghijairo_GT: Teleported benghijairo_GT to natusaurius]
[25May2025 00:10:11.504] [Server thread/WARN] [net.minecraft.server.level.ServerLevel/]: Tried to add entity zombie_island:shambler but it was marked as removed already
[25May2025 00:10:13.304] [Server thread/WARN] [net.minecraft.server.level.ServerLevel/]: Tried to add entity zombie_island:shambler but it was marked as removed already
[25May2025 00:10:40.015] [Server thread/INFO] [net.minecraft.server.MinecraftServer/]: benghijairo_GT has made the advancement [What a Deal!]
[25May2025 00:10:59.318] [Server thread/INFO] [net.minecraft.server.MinecraftServer/]: [benghijairo_GT: Teleported benghijairo_GT to Asias_SX]
[25May2025 00:11:10.736] [Server thread/INFO] [net.minecraft.server.MinecraftServer/]: [benghijairo_GT: Teleported natusaurius to benghijairo_GT]
[25May2025 00:11:39.608] [Server thread/INFO] [net.minecraft.server.network.ServerGamePacketListenerImpl/]: natusaurius lost connection: Disconnected
[25May2025 00:11:39.608] [Server thread/INFO] [net.minecraft.server.MinecraftServer/]: natusaurius left the game
[25May2025 00:11:39.609] [Server thread/INFO] [voicechat/]: [voicechat] Disconnecting client natusaurius
[25May2025 00:12:10.203] [Server thread/WARN] [net.minecraft.server.level.ServerLevel/]: Tried to add entity zombie_island:walker but it was marked as removed already
[25May2025 00:12:10.203] [Server thread/WARN] [net.minecraft.server.level.ServerLevel/]: Tried to add entity zombie_island:shambler but it was marked as removed already
[25May2025 00:12:45.003] [Server thread/WARN] [net.minecraft.server.level.ServerLevel/]: Tried to add entity zombie_island:runner but it was marked as removed already
[25May2025 00:14:43.953] [Server thread/WARN] [net.minecraft.server.level.ServerLevel/]: Tried to add entity zombie_island:shambler but it was marked as removed already
[25May2025 00:16:04.954] [Server thread/WARN] [net.minecraft.server.level.ServerLevel/]: Tried to add entity zombie_island:walker but it was marked as removed already
[25May2025 00:16:28.503] [Server thread/WARN] [net.minecraft.server.level.ServerLevel/]: Tried to add entity zombie_island:shambler but it was marked as removed already
[25May2025 00:16:28.503] [Server thread/WARN] [net.minecraft.server.level.ServerLevel/]: Tried to add entity zombie_island:shambler but it was marked as removed already
[25May2025 00:16:34.353] [Server thread/WARN] [net.minecraft.server.level.ServerLevel/]: Tried to add entity zombie_island:shambler but it was marked as removed already
[25May2025 00:18:25.204] [Server thread/WARN] [net.minecraft.server.level.ServerLevel/]: Tried to add entity zombie_island:runner but it was marked as removed already
[25May2025 00:19:14.453] [Server thread/WARN] [net.minecraft.server.level.ServerLevel/]: Tried to add entity zombie_island:walker but it was marked as removed already
[25May2025 00:19:52.954] [Server thread/WARN] [net.minecraft.server.level.ServerLevel/]: Tried to add entity zombie_island:shambler but it was marked as removed already
[25May2025 00:21:16.154] [Server thread/WARN] [net.minecraft.server.level.ServerLevel/]: Tried to add entity zombie_island:shambler but it was marked as removed already
[25May2025 00:22:32.254] [Server thread/WARN] [net.minecraft.server.level.ServerLevel/]: Tried to add entity zombie_island:shambler but it was marked as removed already
[25May2025 00:23:09.754] [Server thread/WARN] [net.minecraft.server.level.ServerLevel/]: Tried to add entity zombie_island:shambler but it was marked as removed already
[25May2025 00:23:09.755] [Server thread/WARN] [net.minecraft.server.level.ServerLevel/]: Tried to add entity zombie_island:runner but it was marked as removed already
[25May2025 00:26:57.503] [Server thread/WARN] [net.minecraft.server.level.ServerLevel/]: Tried to add entity zombie_island:runner but it was marked as removed already
[25May2025 00:27:26.305] [Server thread/WARN] [net.minecraft.server.level.ServerLevel/]: Tried to add entity zombie_island:runner but it was marked as removed already
